$ bash .redteam/scripts/verify.sh
=== ruff check ===
All checks passed!
=== ruff format check ===
74 files already formatted
=== pytest ===
============================= test session starts ==============================
platform darwin -- Python 3.12.8, pytest-8.2.2, pluggy-1.6.0
rootdir: /Users/kh/Documents/portfolio
configfile: pyproject.toml
plugins: langsmith-0.4.41, anyio-4.10.0
collected 920 items

tests/test_card.py ..................................................s.. [  5%]
                                                                         [  5%]
tests/test_cli.py ...............                                        [  7%]
tests/test_extract.py .................                                  [  9%]
tests/test_extract_denylist.py ......................................... [ 13%]
...............                                                          [ 15%]
tests/test_fit.py .....................................                  [ 19%]
tests/test_fit_batch.py .................................                [ 22%]
tests/test_fit_score_quality.py ...................................      [ 26%]
tests/test_grounding.py .....                                            [ 27%]
tests/test_i18n.py .................................                     [ 30%]
tests/test_jd_keywords_unicode.py .......                                [ 31%]
tests/test_jd_source.py .........................                        [ 34%]
tests/test_lang_threading.py ........................................... [ 39%]
.                                                                        [ 39%]
tests/test_mask.py ..................................................... [ 44%]
...........                                                              [ 46%]
tests/test_mask_ghes.py ..............................                   [ 49%]
tests/test_merge.py ........................                             [ 51%]
tests/test_narrative.py ........                                         [ 52%]
tests/test_portfolio_source.py ..........................                [ 55%]
tests/test_rating.py ................................................... [ 61%]
........                                                                 [ 62%]
tests/test_rating_calibration.py .......                                 [ 62%]
tests/test_rating_output_gate.py ..                                      [ 63%]
tests/test_reference_check.py ..................                         [ 65%]
tests/test_render.py .................................................   [ 70%]
tests/test_resume_cli.py .................                               [ 72%]
tests/test_resume_render.py .........................                    [ 74%]
tests/test_resume_select.py ............................                 [ 77%]
tests/test_share.py .....................................                [ 81%]
tests/test_sources.py .................................................. [ 87%]
....................                                                     [ 89%]
tests/test_stdout_encoding.py .........                                  [ 90%]
tests/test_store.py ............................                         [ 93%]
tests/test_subprocess_encoding.py ............                           [ 94%]
tests/test_synthesis.py ...................                              [ 96%]
tests/test_version.py .s                                                 [ 97%]
tests/test_web.py ..........................                             [100%]

======================== 918 passed, 2 skipped in 8.58s ========================
✅ verify.sh OK

[exit 0]

