$ bash .redteam/scripts/verify.sh
=== ruff check ===
All checks passed!
=== ruff format check ===
66 files already formatted
=== pytest ===
============================= test session starts ==============================
platform darwin -- Python 3.12.8, pytest-8.2.2, pluggy-1.6.0
rootdir: /Users/kh/Documents/portfolio
configfile: pyproject.toml
plugins: langsmith-0.4.41, anyio-4.10.0
collected 677 items

tests/test_cli.py ............                                           [  1%]
tests/test_extract.py ..............                                     [  3%]
tests/test_extract_denylist.py ......................................... [  9%]
...............                                                          [ 12%]
tests/test_fit.py .....................................                  [ 17%]
tests/test_fit_score_quality.py .....................................    [ 23%]
tests/test_grounding.py .....                                            [ 23%]
tests/test_i18n.py .................................                     [ 28%]
tests/test_jd_keywords_unicode.py .......                                [ 29%]
tests/test_jd_source.py ............                                     [ 31%]
tests/test_lang_threading.py ........................................... [ 37%]
.                                                                        [ 37%]
tests/test_mask.py ..................................................... [ 45%]
..                                                                       [ 46%]
tests/test_merge.py ........................                             [ 49%]
tests/test_narrative.py ........                                         [ 50%]
tests/test_portfolio_source.py ..........................                [ 54%]
tests/test_rating.py ........................................            [ 60%]
tests/test_reference_check.py ..................                         [ 63%]
tests/test_render.py .................................................   [ 70%]
tests/test_resume_cli.py .................                               [ 72%]
tests/test_resume_render.py .........................                    [ 76%]
tests/test_resume_select.py ............................                 [ 80%]
tests/test_sources.py .....................................              [ 86%]
tests/test_stdout_encoding.py .........                                  [ 87%]
tests/test_store.py .........................                            [ 91%]
tests/test_subprocess_encoding.py ............                           [ 93%]
tests/test_synthesis.py ...................                              [ 95%]
tests/test_version.py .s                                                 [ 96%]
tests/test_web.py ..........................                             [100%]

======================== 676 passed, 1 skipped in 1.09s ========================
✅ verify.sh OK

[exit 0]

