$ bash .redteam/scripts/verify.sh
=== ruff check ===
All checks passed!
=== ruff format check ===
75 files already formatted
=== pytest ===
============================= test session starts ==============================
platform darwin -- Python 3.12.8, pytest-8.2.2, pluggy-1.6.0
rootdir: /Users/kh/Documents/portfolio
configfile: pyproject.toml
plugins: langsmith-0.4.41, anyio-4.10.0
collected 994 items

tests/test_card.py ..................................................s.. [  5%]
                                                                         [  5%]
tests/test_cli.py ...............                                        [  6%]
tests/test_extract.py .................                                  [  8%]
tests/test_extract_denylist.py ......................................... [ 12%]
...............                                                          [ 14%]
tests/test_fit.py .....................................                  [ 17%]
tests/test_fit_batch.py .................................                [ 21%]
tests/test_fit_score_quality.py ...................................      [ 24%]
tests/test_fit_synonyms.py ...................................           [ 28%]
tests/test_grounding.py .....                                            [ 28%]
tests/test_i18n.py .................................                     [ 32%]
tests/test_jd_keywords_unicode.py .......                                [ 32%]
tests/test_jd_source.py .........................                        [ 35%]
tests/test_lang_threading.py ........................................... [ 39%]
.                                                                        [ 39%]
tests/test_mask.py ..................................................... [ 45%]
...........                                                              [ 46%]
tests/test_mask_ghes.py ..............................                   [ 49%]
tests/test_merge.py ........................                             [ 51%]
tests/test_narrative.py ........                                         [ 52%]
tests/test_portfolio_source.py ..........................                [ 55%]
tests/test_rating.py ................................................... [ 60%]
........                                                                 [ 60%]
tests/test_rating_calibration.py .......                                 [ 61%]
tests/test_rating_output_gate.py ..                                      [ 61%]
tests/test_reference_check.py ..................                         [ 63%]
tests/test_render.py .................................................   [ 68%]
tests/test_resume_cli.py .................                               [ 70%]
tests/test_resume_render.py .........................                    [ 72%]
tests/test_resume_select.py ............................                 [ 75%]
tests/test_share.py .................................................... [ 80%]
........................                                                 [ 83%]
tests/test_sources.py .................................................. [ 88%]
....................                                                     [ 90%]
tests/test_stdout_encoding.py .........                                  [ 91%]
tests/test_store.py ............................                         [ 94%]
tests/test_subprocess_encoding.py ............                           [ 95%]
tests/test_synthesis.py ...................                              [ 97%]
tests/test_version.py .s                                                 [ 97%]
tests/test_web.py ..........................                             [100%]

======================= 992 passed, 2 skipped in 14.75s ========================
✅ verify.sh OK

[exit 0]

