$ bash .redteam/scripts/verify.sh
=== ruff check ===
All checks passed!
=== ruff format check ===
79 files already formatted
=== pytest ===
============================= test session starts ==============================
platform darwin -- Python 3.12.8, pytest-8.2.2, pluggy-1.6.0
rootdir: /Users/kh/Documents/portfolio
configfile: pyproject.toml
plugins: langsmith-0.4.41, anyio-4.10.0
collected 1101 items

tests/test_card.py ..................................................s.. [  4%]
                                                                         [  4%]
tests/test_cli.py ...............                                        [  6%]
tests/test_extract.py .................                                  [  7%]
tests/test_extract_denylist.py ......................................... [ 11%]
...............                                                          [ 12%]
tests/test_extract_gitlab.py ............................                [ 15%]
tests/test_fit.py .....................................                  [ 18%]
tests/test_fit_batch.py .................................                [ 21%]
tests/test_fit_score_quality.py ...................................      [ 24%]
tests/test_fit_synonyms.py ...................................           [ 28%]
tests/test_grounding.py .....                                            [ 28%]
tests/test_i18n.py .................................                     [ 31%]
tests/test_jd_keywords_unicode.py .......                                [ 32%]
tests/test_jd_source.py .........................                        [ 34%]
tests/test_lang_threading.py ........................................... [ 38%]
.                                                                        [ 38%]
tests/test_mask.py ..................................................... [ 43%]
...........                                                              [ 44%]
tests/test_mask_ghes.py ..............................                   [ 46%]
tests/test_mask_gitlab.py ..................                             [ 48%]
tests/test_merge.py ........................                             [ 50%]
tests/test_narrative.py ........                                         [ 51%]
tests/test_portfolio_source.py ..........................                [ 53%]
tests/test_rating.py ................................................... [ 58%]
........                                                                 [ 59%]
tests/test_rating_calibration.py .......                                 [ 59%]
tests/test_rating_output_gate.py ..                                      [ 60%]
tests/test_reference_check.py ..................                         [ 61%]
tests/test_render.py .................................................   [ 66%]
tests/test_resume_cli.py .................                               [ 67%]
tests/test_resume_render.py .........................                    [ 69%]
tests/test_resume_select.py ............................                 [ 72%]
tests/test_share.py .................................................... [ 77%]
........................                                                 [ 79%]
tests/test_sources.py .................................................. [ 83%]
....................                                                     [ 85%]
tests/test_sources_gitlab.py ........................................... [ 89%]
..................                                                       [ 91%]
tests/test_stdout_encoding.py .........                                  [ 92%]
tests/test_store.py ............................                         [ 94%]
tests/test_subprocess_encoding.py ............                           [ 95%]
tests/test_synthesis.py ...................                              [ 97%]
tests/test_version.py .s                                                 [ 97%]
tests/test_web.py ..........................                             [100%]

======================= 1099 passed, 2 skipped in 18.79s =======================
✅ verify.sh OK

[exit 0]

